<?xml version="1.0" encoding="UTF-8"?>
<testsuite name="tests.AMGraphTest" tests="4" skipped="0" failures="0" errors="0" timestamp="2022-12-25T03:51:41" hostname="Tareqs-MacBook-Pro-2.local" time="0.026">
  <properties/>
  <testcase name="testAddEdge()" classname="tests.AMGraphTest" time="0.02"/>
  <testcase name="testAddVertex()" classname="tests.AMGraphTest" time="0.0"/>
  <testcase name="testGetNeighbors()" classname="tests.AMGraphTest" time="0.001"/>
  <testcase name="testAllVertices()" classname="tests.AMGraphTest" time="0.002"/>
  <system-out><![CDATA[]]></system-out>
  <system-err><![CDATA[]]></system-err>
</testsuite>
